-------------------------------------------------------------------------------
Test set: hellocucumber.RunCucumberTest
-------------------------------------------------------------------------------
Tests run: 1, Failures: 1, Errors: 0, Skipped: 0, Time elapsed: 0.199 s <<< FAILURE! - in hellocucumber.RunCucumberTest
Is it Friday yet?.Sunday isn't Friday  Time elapsed: 0.072 s  <<< FAILURE!
org.opentest4j.AssertionFailedError: expected: <Nope> but was: <null>

